2025-10-15 17:14:16 [INFO] root: ==================================================
2025-10-15 17:14:16 [INFO] root: Iniciando sistema de logs
2025-10-15 17:14:16 [INFO] root: Nível de log: INFO
2025-10-15 17:14:16 [INFO] root: Arquivo de log: logs\gestao_entregas_20251015.log
2025-10-15 17:14:16 [INFO] root: Iniciando aplicação
2025-10-15 17:14:16 [INFO] database.db_manager: Conexão estabelecida com o banco de dados: database/gestao_parceiros.db
2025-10-15 17:14:16 [INFO] database.db_manager: Estrutura do banco de dados configurada com sucesso
2025-10-15 17:14:16 [INFO] database.db_manager: Atualizadas 1 senhas em formato de hash
2025-10-15 17:14:25 [INFO] models.usuario: Usuário 'admin' autenticado com sucesso
2025-10-15 17:14:25 [INFO] views.login_view: Usuário 'admin' autenticado
2025-10-15 17:14:31 [ERROR] models.loja: Erro ao listar lojas: name 'termo' is not defined
2025-10-15 17:14:31 [ERROR] database.db_manager: Erro ao executar consulta: no such column: a.observacao
2025-10-15 17:14:31 [ERROR] models.associacao: Erro ao listar associações: no such column: a.observacao
2025-10-15 17:14:32 [INFO] views.main_window: Aba alterada para: Início
2025-10-15 17:14:32 [INFO] root: Interface principal carregada
2025-10-15 17:14:37 [INFO] views.main_window: Aba alterada para: Início
2025-10-15 17:14:38 [INFO] views.main_window: Aba alterada para: Parceiros
2025-10-15 17:14:39 [INFO] views.main_window: Aba alterada para: Lojas
2025-10-15 17:14:43 [INFO] views.main_window: Aba alterada para: Comprovantes
2025-10-15 17:14:47 [INFO] views.main_window: Aba alterada para: Associações
2025-10-15 17:14:50 [INFO] views.main_window: Aba alterada para: Associações
2025-10-15 17:14:51 [INFO] views.main_window: Aba alterada para: Usuários
2025-10-15 17:14:52 [INFO] views.main_window: Aba alterada para: Relatórios
2025-10-15 17:14:55 [INFO] views.main_window: Aba alterada para: Logs
2025-10-15 17:15:01 [INFO] views.main_window: Aba alterada para: Início
2025-10-15 17:15:03 [INFO] views.main_window: Aba alterada para: Parceiros
2025-10-15 17:15:08 [INFO] views.main_window: Aba alterada para: Comprovantes
2025-10-15 17:23:27 [INFO] views.main_window: Aba alterada para: Comprovantes
2025-10-15 17:23:27 [INFO] views.main_window: Aba alterada para: Associações
2025-10-15 17:23:28 [INFO] database.db_manager: Conexão com o banco de dados fechada
2025-10-15 17:23:28 [INFO] root: Aplicação encerrada
