2025-04-01 13:32:50 [INFO] root: ==================================================
2025-04-01 13:32:50 [INFO] root: Iniciando sistema de logs
2025-04-01 13:32:50 [INFO] root: Nível de log: INFO
2025-04-01 13:32:50 [INFO] root: Arquivo de log: logs\gestao_entregas_20250401.log
2025-04-01 13:32:50 [INFO] root: Iniciando aplicação
2025-04-01 13:32:50 [INFO] database.db_manager: Conexão estabelecida com o banco de dados: database/gestao_entregas.db
2025-04-01 13:32:50 [INFO] database.db_manager: Estrutura do banco de dados configurada com sucesso
2025-04-01 13:32:54 [ERROR] database.db_manager: Erro ao executar consulta: no such column: c.arquivo_comprovante
2025-04-01 13:32:54 [ERROR] models.comprovante: Erro ao listar comprovantes: no such column: c.arquivo_comprovante
2025-04-01 13:32:54 [ERROR] database.db_manager: Erro ao executar consulta: no such column: a.observacao
2025-04-01 13:32:54 [ERROR] models.associacao: Erro ao listar associações: no such column: a.observacao
2025-04-01 13:32:54 [INFO] views.main_window: Aba alterada para 'Parceiros'
2025-04-01 13:32:58 [INFO] views.main_window: Janela principal inicializada
2025-04-01 13:32:58 [INFO] root: Interface principal carregada
2025-04-01 13:33:01 [INFO] views.main_window: Aba alterada para 'Lojas'
2025-04-01 13:33:02 [INFO] views.main_window: Aba alterada para 'Comprovantes'
2025-04-01 13:33:03 [INFO] views.main_window: Aba alterada para 'Associações'
2025-04-01 13:33:04 [INFO] views.main_window: Aba alterada para 'Relatórios'
2025-04-01 13:33:06 [INFO] views.main_window: Aba alterada para 'Associações'
2025-04-01 13:33:08 [INFO] views.main_window: Aba alterada para 'Parceiros'
2025-04-01 13:33:40 [WARNING] views.main_window: Manual do usuário não encontrado: C:\Users\rafael\PycharmProjects\pythonProject12\resources\manual_usuario.pdf
2025-04-01 13:33:54 [INFO] views.main_window: Aba alterada para 'Lojas'
2025-04-01 13:33:56 [INFO] views.main_window: Aba alterada para 'Comprovantes'
2025-04-01 13:34:32 [INFO] views.main_window: Aba alterada para 'Associações'
2025-04-01 13:34:34 [INFO] views.main_window: Aba alterada para 'Relatórios'
2025-04-01 13:34:35 [INFO] views.main_window: Aba alterada para 'Parceiros'
2025-04-01 13:34:45 [WARNING] views.main_window: Manual do usuário não encontrado: C:\Users\rafael\PycharmProjects\pythonProject12\resources\manual_usuario.pdf
2025-04-01 13:35:59 [INFO] database.db_manager: Conexão com o banco de dados fechada
2025-04-01 13:35:59 [INFO] root: Aplicação encerrada
2025-04-01 13:40:21 [INFO] root: ==================================================
2025-04-01 13:40:21 [INFO] root: Iniciando sistema de logs
2025-04-01 13:40:21 [INFO] root: Nível de log: INFO
2025-04-01 13:40:21 [INFO] root: Arquivo de log: logs\gestao_entregas_20250401.log
2025-04-01 13:40:21 [INFO] root: Iniciando aplicação
2025-04-01 13:40:21 [INFO] database.db_manager: Conexão estabelecida com o banco de dados: database/gestao_entregas.db
2025-04-01 13:40:21 [INFO] database.db_manager: Estrutura do banco de dados configurada com sucesso
2025-04-01 13:40:22 [ERROR] database.db_manager: Erro ao executar consulta: no such column: c.arquivo_comprovante
2025-04-01 13:40:22 [ERROR] models.comprovante: Erro ao listar comprovantes: no such column: c.arquivo_comprovante
2025-04-01 13:40:22 [ERROR] database.db_manager: Erro ao executar consulta: no such column: a.observacao
2025-04-01 13:40:22 [ERROR] models.associacao: Erro ao listar associações: no such column: a.observacao
2025-04-01 13:40:22 [INFO] views.main_window: Aba alterada para 'Parceiros'
2025-04-01 13:40:26 [INFO] views.main_window: Janela principal inicializada
2025-04-01 13:40:26 [INFO] root: Interface principal carregada
2025-04-01 13:43:04 [INFO] views.main_window: Aba alterada para 'Lojas'
2025-04-01 13:43:48 [INFO] views.main_window: Aba alterada para 'Comprovantes'
2025-04-01 13:43:58 [INFO] views.main_window: Aba alterada para 'Associações'
2025-04-01 13:44:04 [INFO] views.main_window: Aba alterada para 'Comprovantes'
2025-04-01 13:44:30 [INFO] views.main_window: Aba alterada para 'Associações'
2025-04-01 13:44:31 [INFO] views.main_window: Aba alterada para 'Relatórios'
2025-04-01 13:44:34 [INFO] views.main_window: Aba alterada para 'Parceiros'
2025-04-01 13:44:35 [INFO] views.main_window: Aba alterada para 'Relatórios'
2025-04-01 13:44:37 [INFO] views.main_window: Aba alterada para 'Associações'
2025-04-01 13:44:38 [INFO] views.main_window: Aba alterada para 'Comprovantes'
2025-04-01 13:47:29 [INFO] root: ==================================================
2025-04-01 13:47:29 [INFO] root: Iniciando sistema de logs
2025-04-01 13:47:29 [INFO] root: Nível de log: INFO
2025-04-01 13:47:29 [INFO] root: Arquivo de log: logs\gestao_entregas_20250401.log
2025-04-01 13:47:29 [INFO] root: Iniciando aplicação
2025-04-01 13:47:29 [INFO] database.db_manager: Conexão estabelecida com o banco de dados: database/gestao_entregas.db
2025-04-01 13:47:29 [INFO] database.db_manager: Estrutura do banco de dados configurada com sucesso
2025-04-01 13:47:31 [ERROR] database.db_manager: Erro ao executar consulta: no such column: c.arquivo_comprovante
2025-04-01 13:47:31 [ERROR] models.comprovante: Erro ao listar comprovantes: no such column: c.arquivo_comprovante
2025-04-01 13:47:31 [ERROR] database.db_manager: Erro ao executar consulta: no such column: a.observacao
2025-04-01 13:47:31 [ERROR] models.associacao: Erro ao listar associações: no such column: a.observacao
2025-04-01 13:47:31 [INFO] views.main_window: Aba alterada para 'Parceiros'
2025-04-01 13:47:34 [INFO] views.main_window: Janela principal inicializada
2025-04-01 13:47:34 [INFO] root: Interface principal carregada
2025-04-01 13:47:39 [INFO] views.main_window: Aba alterada para 'Lojas'
2025-04-01 13:47:40 [INFO] views.main_window: Aba alterada para 'Comprovantes'
2025-04-01 13:47:41 [INFO] views.main_window: Aba alterada para 'Associações'
2025-04-01 13:47:42 [INFO] views.main_window: Aba alterada para 'Relatórios'
2025-04-01 13:47:43 [INFO] views.main_window: Aba alterada para 'Parceiros'
2025-04-01 13:47:45 [INFO] database.db_manager: Conexão com o banco de dados fechada
2025-04-01 13:47:45 [INFO] root: Aplicação encerrada
2025-04-01 14:19:26 [INFO] root: ==================================================
2025-04-01 14:19:26 [INFO] root: Iniciando sistema de logs
2025-04-01 14:19:26 [INFO] root: Nível de log: INFO
2025-04-01 14:19:26 [INFO] root: Arquivo de log: logs\gestao_entregas_20250401.log
2025-04-01 14:19:26 [INFO] root: Iniciando aplicação
2025-04-01 14:19:26 [INFO] database.db_manager: Conexão estabelecida com o banco de dados: database/gestao_parceiros.db
2025-04-01 14:19:26 [INFO] database.db_manager: Estrutura do banco de dados configurada com sucesso
2025-04-01 14:19:28 [ERROR] database.db_manager: Erro ao executar consulta: no such column: c.arquivo_comprovante
2025-04-01 14:19:28 [ERROR] models.comprovante: Erro ao listar comprovantes: no such column: c.arquivo_comprovante
2025-04-01 14:19:28 [ERROR] database.db_manager: Erro ao executar consulta: no such column: a.observacao
2025-04-01 14:19:28 [ERROR] models.associacao: Erro ao listar associações: no such column: a.observacao
2025-04-01 14:19:28 [INFO] views.main_window: Aba alterada para 'Parceiros'
2025-04-01 14:19:31 [INFO] views.main_window: Janela principal inicializada
2025-04-01 14:19:31 [INFO] root: Interface principal carregada
2025-04-01 14:50:32 [INFO] database.db_manager: Conexão com o banco de dados fechada
2025-04-01 14:50:32 [INFO] root: Aplicação encerrada
